{"/home/evans/Desktop/Microverse/JavascriptCapstone/module/comments.js": {"path":"/home/evans/Desktop/Microverse/JavascriptCapstone/module/comments.js","statementMap":{"0":{"start":{"line":4,"column":30},"end":{"line":10,"column":1}},"1":{"start":{"line":5,"column":25},"end":{"line":5,"column":60}},"2":{"start":{"line":6,"column":23},"end":{"line":6,"column":79}},"3":{"start":{"line":8,"column":19},"end":{"line":8,"column":35}},"4":{"start":{"line":9,"column":2},"end":{"line":9,"column":56}},"5":{"start":{"line":12,"column":19},"end":{"line":72,"column":1}},"6":{"start":{"line":13,"column":2},"end":{"line":71,"column":5}},"7":{"start":{"line":14,"column":4},"end":{"line":14,"column":27}},"8":{"start":{"line":15,"column":17},"end":{"line":15,"column":55}},"9":{"start":{"line":16,"column":16},"end":{"line":16,"column":52}},"10":{"start":{"line":17,"column":15},"end":{"line":17,"column":23}},"11":{"start":{"line":18,"column":19},"end":{"line":18,"column":35}},"12":{"start":{"line":20,"column":4},"end":{"line":33,"column":6}},"13":{"start":{"line":35,"column":24},"end":{"line":43,"column":5}},"14":{"start":{"line":45,"column":4},"end":{"line":69,"column":5}},"15":{"start":{"line":46,"column":23},"end":{"line":46,"column":47}},"16":{"start":{"line":47,"column":6},"end":{"line":54,"column":9}},"17":{"start":{"line":48,"column":28},"end":{"line":48,"column":63}},"18":{"start":{"line":49,"column":28},"end":{"line":49,"column":56}},"19":{"start":{"line":50,"column":8},"end":{"line":52,"column":10}},"20":{"start":{"line":53,"column":8},"end":{"line":53,"column":45}},"21":{"start":{"line":55,"column":6},"end":{"line":55,"column":30}},"22":{"start":{"line":56,"column":26},"end":{"line":56,"column":64}},"23":{"start":{"line":57,"column":29},"end":{"line":57,"column":71}},"24":{"start":{"line":58,"column":30},"end":{"line":58,"column":78}},"25":{"start":{"line":59,"column":6},"end":{"line":64,"column":9}},"26":{"start":{"line":65,"column":6},"end":{"line":68,"column":8}},"27":{"start":{"line":70,"column":4},"end":{"line":70,"column":44}}},"fnMap":{"0":{"name":"(anonymous_0)","decl":{"start":{"line":4,"column":30},"end":{"line":4,"column":31}},"loc":{"start":{"line":4,"column":36},"end":{"line":10,"column":1}},"line":4},"1":{"name":"(anonymous_1)","decl":{"start":{"line":12,"column":19},"end":{"line":12,"column":20}},"loc":{"start":{"line":12,"column":31},"end":{"line":72,"column":1}},"line":12},"2":{"name":"(anonymous_2)","decl":{"start":{"line":13,"column":61},"end":{"line":13,"column":62}},"loc":{"start":{"line":13,"column":78},"end":{"line":71,"column":3}},"line":13},"3":{"name":"(anonymous_3)","decl":{"start":{"line":47,"column":23},"end":{"line":47,"column":24}},"loc":{"start":{"line":47,"column":36},"end":{"line":54,"column":7}},"line":47}},"branchMap":{"0":{"loc":{"start":{"line":45,"column":4},"end":{"line":69,"column":5}},"type":"if","locations":[{"start":{"line":45,"column":4},"end":{"line":69,"column":5}},{"start":{},"end":{}}],"line":45},"1":{"loc":{"start":{"line":58,"column":30},"end":{"line":58,"column":78}},"type":"cond-expr","locations":[{"start":{"line":58,"column":47},"end":{"line":58,"column":73}},{"start":{"line":58,"column":76},"end":{"line":58,"column":78}}],"line":58}},"s":{"0":1,"1":1,"2":1,"3":1,"4":1,"5":1,"6":0,"7":0,"8":0,"9":0,"10":0,"11":0,"12":0,"13":0,"14":0,"15":0,"16":0,"17":0,"18":0,"19":0,"20":0,"21":0,"22":0,"23":0,"24":0,"25":0,"26":0,"27":0},"f":{"0":1,"1":0,"2":0,"3":0},"b":{"0":[0,0],"1":[0,0]},"_coverageSchema":"1a1c01bbd47fc00a2c39e90264f33305004495a9","hash":"7232cb7b130341f0984db4cbff63df54c2d1a413"}
,"/home/evans/Desktop/Microverse/JavascriptCapstone/module/initComment.js": {"path":"/home/evans/Desktop/Microverse/JavascriptCapstone/module/initComment.js","statementMap":{"0":{"start":{"line":1,"column":17},"end":{"line":11,"column":4}},"1":{"start":{"line":1,"column":29},"end":{"line":11,"column":4}},"2":{"start":{"line":7,"column":22},"end":{"line":7,"column":37}},"3":{"start":{"line":9,"column":19},"end":{"line":9,"column":30}},"4":{"start":{"line":10,"column":4},"end":{"line":10,"column":18}}},"fnMap":{"0":{"name":"(anonymous_0)","decl":{"start":{"line":1,"column":17},"end":{"line":1,"column":18}},"loc":{"start":{"line":1,"column":29},"end":{"line":11,"column":4}},"line":1},"1":{"name":"(anonymous_1)","decl":{"start":{"line":7,"column":8},"end":{"line":7,"column":9}},"loc":{"start":{"line":7,"column":22},"end":{"line":7,"column":37}},"line":7},"2":{"name":"(anonymous_2)","decl":{"start":{"line":8,"column":8},"end":{"line":8,"column":9}},"loc":{"start":{"line":8,"column":18},"end":{"line":11,"column":3}},"line":8}},"branchMap":{},"s":{"0":1,"1":0,"2":0,"3":0,"4":0},"f":{"0":0,"1":0,"2":0},"b":{},"_coverageSchema":"1a1c01bbd47fc00a2c39e90264f33305004495a9","hash":"467b61df96c754c6e9de63ad14a06658e2a3cf9a"}
}
