TN:
SF:module/mealList.js
FN:1,(anonymous_0)
FN:9,(anonymous_1)
FN:52,(anonymous_2)
FNF:3
FNH:3
FNDA:2,(anonymous_0)
FNDA:3,(anonymous_1)
FNDA:3,(anonymous_2)
DA:1,1
DA:2,2
DA:3,2
DA:6,2
DA:9,2
DA:10,3
DA:11,3
DA:13,3
DA:14,3
DA:16,3
DA:17,3
DA:19,3
DA:20,3
DA:22,3
DA:23,3
DA:25,3
DA:26,3
DA:27,3
DA:29,3
DA:30,3
DA:31,3
DA:32,3
DA:34,3
DA:35,3
DA:37,3
DA:38,3
DA:39,3
DA:41,3
DA:42,3
DA:44,3
DA:45,3
DA:46,3
DA:48,3
DA:52,2
DA:53,3
DA:54,3
LF:36
LH:36
BRDA:32,0,0,3
BRDA:32,0,1,3
BRF:2
BRH:2
end_of_record
